<?xml version="1.0" encoding="UTF-8"?>
<!-- Generated by org.testng.reporters.JUnitXMLReporter -->
<testsuite hostname="DESKTOP-B8E4IF5" failures="2" tests="3" name="Command line test" time="0.022" errors="0" timestamp="5 Apr 2023 10:45:15 GMT">
  <testcase classname="com.mycompany.matricad.MatricadNGTest" name="testGetIndexDe" time="0.002"/>
  <testcase classname="com.mycompany.matricad.MatricadNGTest" name="testGetIndexDe2" time="0.001">
    <failure type="java.lang.IllegalArgumentException">
      <![CDATA[java.lang.IllegalArgumentException
	at com.mycompany.matricad.Matricad.getIndexDe(Matricad.java:58)
	at com.mycompany.matricad.MatricadNGTest.testGetIndexDe2(MatricadNGTest.java:110)
... Removed 29 stack frames]]>
    </failure>
  </testcase> <!-- testGetIndexDe2 -->
  <testcase classname="com.mycompany.matricad.MatricadNGTest" name="testGetIndexDe3" time="0.0">
    <failure type="java.util.NoSuchElementException" message="hola">
      <![CDATA[java.util.NoSuchElementException: hola
	at com.mycompany.matricad.Matricad.getIndexDe(Matricad.java:67)
	at com.mycompany.matricad.MatricadNGTest.testGetIndexDe3(MatricadNGTest.java:121)
... Removed 29 stack frames]]>
    </failure>
  </testcase> <!-- testGetIndexDe3 -->
</testsuite> <!-- Command line test -->
