<?xml version="1.0" encoding="UTF-8" ?>
<testsuite tests="3" failures="2" name="com.mycompany.matricad.MatricadNGTest" time="0.006" errors="0" skipped="0">
  <properties>
[...]
</properties>
  <testcase classname="com.mycompany.matricad.MatricadNGTest" name="testGetIndexDe" time="0.003"/>
  <testcase classname="com.mycompany.matricad.MatricadNGTest" name="testGetIndexDe2" time="0.002">
    <failure type="java.lang.IllegalArgumentException">java.lang.IllegalArgumentException
	at com.mycompany.matricad.Matricad.getIndexDe(Matricad.java:58)
	at com.mycompany.matricad.MatricadNGTest.testGetIndexDe2(MatricadNGTest.java:110)
</failure>
    <system-out>getIndexDe
</system-out>
  </testcase>
  <testcase classname="com.mycompany.matricad.MatricadNGTest" name="testGetIndexDe3" time="0.001">
    <failure message="hola" type="java.util.NoSuchElementException">java.util.NoSuchElementException: hola
	at com.mycompany.matricad.Matricad.getIndexDe(Matricad.java:67)
	at com.mycompany.matricad.MatricadNGTest.testGetIndexDe3(MatricadNGTest.java:121)
</failure>
    <system-out>getIndexDe
</system-out>
  </testcase>
</testsuite>