<?xml version="1.0" encoding="UTF-8"?>
<testng-results total="3" passed="1" failed="2" skipped="0">
  <reporter-output>
  </reporter-output>
  <suite started-at="2023-04-05T10:45:15Z" name="com.mycompany.matricad.MatricadNGTest" finished-at="2023-04-05T10:45:15Z" duration-ms="22">
    <groups>
    </groups>
    <test started-at="2023-04-05T10:45:15Z" name="Command line test" finished-at="2023-04-05T10:45:15Z" duration-ms="22">
      <class name="com.mycompany.matricad.MatricadNGTest">
        <test-method is-config="true" signature="setUpClass()[pri:0, instance:com.mycompany.matricad.MatricadNGTest@23d2a7e8]" started-at="2023-04-05T12:45:15Z" name="setUpClass" finished-at="2023-04-05T12:45:15Z" duration-ms="0" status="PASS">
          <reporter-output>
          </reporter-output>
        </test-method> <!-- setUpClass -->
        <test-method is-config="true" signature="setUpMethod()[pri:0, instance:com.mycompany.matricad.MatricadNGTest@23d2a7e8]" started-at="2023-04-05T12:45:15Z" name="setUpMethod" finished-at="2023-04-05T12:45:15Z" duration-ms="16" status="PASS">
          <reporter-output>
          </reporter-output>
        </test-method> <!-- setUpMethod -->
        <test-method signature="testGetIndexDe()[pri:0, instance:com.mycompany.matricad.MatricadNGTest@23d2a7e8]" started-at="2023-04-05T12:45:15Z" name="testGetIndexDe" finished-at="2023-04-05T12:45:15Z" duration-ms="2" status="PASS">
          <reporter-output>
          </reporter-output>
        </test-method> <!-- testGetIndexDe -->
        <test-method is-config="true" signature="setUpMethod()[pri:0, instance:com.mycompany.matricad.MatricadNGTest@23d2a7e8]" started-at="2023-04-05T12:45:15Z" name="setUpMethod" finished-at="2023-04-05T12:45:15Z" duration-ms="0" status="PASS">
          <reporter-output>
          </reporter-output>
        </test-method> <!-- setUpMethod -->
        <test-method signature="testGetIndexDe2()[pri:0, instance:com.mycompany.matricad.MatricadNGTest@23d2a7e8]" started-at="2023-04-05T12:45:15Z" name="testGetIndexDe2" finished-at="2023-04-05T12:45:15Z" duration-ms="1" status="FAIL">
          <exception class="java.lang.IllegalArgumentException">
            <full-stacktrace>
              <![CDATA[java.lang.IllegalArgumentException
	at com.mycompany.matricad.Matricad.getIndexDe(Matricad.java:58)
	at com.mycompany.matricad.MatricadNGTest.testGetIndexDe2(MatricadNGTest.java:110)
	at java.base/jdk.internal.reflect.DirectMethodHandleAccessor.invoke(DirectMethodHandleAccessor.java:104)
	at java.base/java.lang.reflect.Method.invoke(Method.java:577)
	at org.testng.internal.MethodInvocationHelper.invokeMethod(MethodInvocationHelper.java:84)
	at org.testng.internal.Invoker.invokeMethod(Invoker.java:714)
	at org.testng.internal.Invoker.invokeTestMethod(Invoker.java:901)
	at org.testng.internal.Invoker.invokeTestMethods(Invoker.java:1231)
	at org.testng.internal.TestMethodWorker.invokeTestMethods(TestMethodWorker.java:127)
	at org.testng.internal.TestMethodWorker.run(TestMethodWorker.java:111)
	at org.testng.TestRunner.privateRun(TestRunner.java:767)
	at org.testng.TestRunner.run(TestRunner.java:617)
	at org.testng.SuiteRunner.runTest(SuiteRunner.java:334)
	at org.testng.SuiteRunner.runSequentially(SuiteRunner.java:329)
	at org.testng.SuiteRunner.privateRun(SuiteRunner.java:291)
	at org.testng.SuiteRunner.run(SuiteRunner.java:240)
	at org.testng.SuiteRunnerWorker.runSuite(SuiteRunnerWorker.java:52)
	at org.testng.SuiteRunnerWorker.run(SuiteRunnerWorker.java:86)
	at org.testng.TestNG.runSuitesSequentially(TestNG.java:1224)
	at org.testng.TestNG.runSuitesLocally(TestNG.java:1149)
	at org.testng.TestNG.run(TestNG.java:1057)
	at org.apache.maven.surefire.testng.TestNGExecutor.run(TestNGExecutor.java:77)
	at org.apache.maven.surefire.testng.TestNGDirectoryTestSuite.execute(TestNGDirectoryTestSuite.java:110)
	at org.apache.maven.surefire.testng.TestNGProvider.invoke(TestNGProvider.java:106)
	at java.base/jdk.internal.reflect.DirectMethodHandleAccessor.invoke(DirectMethodHandleAccessor.java:104)
	at java.base/java.lang.reflect.Method.invoke(Method.java:577)
	at org.apache.maven.surefire.util.ReflectionUtils.invokeMethodWithArray(ReflectionUtils.java:189)
	at org.apache.maven.surefire.booter.ProviderFactory$ProviderProxy.invoke(ProviderFactory.java:165)
	at org.apache.maven.surefire.booter.ProviderFactory.invokeProvider(ProviderFactory.java:85)
	at org.apache.maven.surefire.booter.ForkedBooter.runSuitesInProcess(ForkedBooter.java:115)
	at org.apache.maven.surefire.booter.ForkedBooter.main(ForkedBooter.java:75)
]]>
            </full-stacktrace>
          </exception> <!-- java.lang.IllegalArgumentException -->
          <reporter-output>
          </reporter-output>
        </test-method> <!-- testGetIndexDe2 -->
        <test-method is-config="true" signature="tearDownMethod()[pri:0, instance:com.mycompany.matricad.MatricadNGTest@23d2a7e8]" started-at="2023-04-05T12:45:15Z" name="tearDownMethod" finished-at="2023-04-05T12:45:15Z" duration-ms="0" status="PASS">
          <reporter-output>
          </reporter-output>
        </test-method> <!-- tearDownMethod -->
        <test-method is-config="true" signature="tearDownMethod()[pri:0, instance:com.mycompany.matricad.MatricadNGTest@23d2a7e8]" started-at="2023-04-05T12:45:15Z" name="tearDownMethod" finished-at="2023-04-05T12:45:15Z" duration-ms="0" status="PASS">
          <reporter-output>
          </reporter-output>
        </test-method> <!-- tearDownMethod -->
        <test-method signature="testGetIndexDe3()[pri:0, instance:com.mycompany.matricad.MatricadNGTest@23d2a7e8]" started-at="2023-04-05T12:45:15Z" name="testGetIndexDe3" finished-at="2023-04-05T12:45:15Z" duration-ms="0" status="FAIL">
          <exception class="java.util.NoSuchElementException">
            <message>
              <![CDATA[hola]]>
            </message>
            <full-stacktrace>
              <![CDATA[java.util.NoSuchElementException: hola
	at com.mycompany.matricad.Matricad.getIndexDe(Matricad.java:67)
	at com.mycompany.matricad.MatricadNGTest.testGetIndexDe3(MatricadNGTest.java:121)
	at java.base/jdk.internal.reflect.DirectMethodHandleAccessor.invoke(DirectMethodHandleAccessor.java:104)
	at java.base/java.lang.reflect.Method.invoke(Method.java:577)
	at org.testng.internal.MethodInvocationHelper.invokeMethod(MethodInvocationHelper.java:84)
	at org.testng.internal.Invoker.invokeMethod(Invoker.java:714)
	at org.testng.internal.Invoker.invokeTestMethod(Invoker.java:901)
	at org.testng.internal.Invoker.invokeTestMethods(Invoker.java:1231)
	at org.testng.internal.TestMethodWorker.invokeTestMethods(TestMethodWorker.java:127)
	at org.testng.internal.TestMethodWorker.run(TestMethodWorker.java:111)
	at org.testng.TestRunner.privateRun(TestRunner.java:767)
	at org.testng.TestRunner.run(TestRunner.java:617)
	at org.testng.SuiteRunner.runTest(SuiteRunner.java:334)
	at org.testng.SuiteRunner.runSequentially(SuiteRunner.java:329)
	at org.testng.SuiteRunner.privateRun(SuiteRunner.java:291)
	at org.testng.SuiteRunner.run(SuiteRunner.java:240)
	at org.testng.SuiteRunnerWorker.runSuite(SuiteRunnerWorker.java:52)
	at org.testng.SuiteRunnerWorker.run(SuiteRunnerWorker.java:86)
	at org.testng.TestNG.runSuitesSequentially(TestNG.java:1224)
	at org.testng.TestNG.runSuitesLocally(TestNG.java:1149)
	at org.testng.TestNG.run(TestNG.java:1057)
	at org.apache.maven.surefire.testng.TestNGExecutor.run(TestNGExecutor.java:77)
	at org.apache.maven.surefire.testng.TestNGDirectoryTestSuite.execute(TestNGDirectoryTestSuite.java:110)
	at org.apache.maven.surefire.testng.TestNGProvider.invoke(TestNGProvider.java:106)
	at java.base/jdk.internal.reflect.DirectMethodHandleAccessor.invoke(DirectMethodHandleAccessor.java:104)
	at java.base/java.lang.reflect.Method.invoke(Method.java:577)
	at org.apache.maven.surefire.util.ReflectionUtils.invokeMethodWithArray(ReflectionUtils.java:189)
	at org.apache.maven.surefire.booter.ProviderFactory$ProviderProxy.invoke(ProviderFactory.java:165)
	at org.apache.maven.surefire.booter.ProviderFactory.invokeProvider(ProviderFactory.java:85)
	at org.apache.maven.surefire.booter.ForkedBooter.runSuitesInProcess(ForkedBooter.java:115)
	at org.apache.maven.surefire.booter.ForkedBooter.main(ForkedBooter.java:75)
]]>
            </full-stacktrace>
          </exception> <!-- java.util.NoSuchElementException -->
          <reporter-output>
          </reporter-output>
        </test-method> <!-- testGetIndexDe3 -->
        <test-method is-config="true" signature="setUpMethod()[pri:0, instance:com.mycompany.matricad.MatricadNGTest@23d2a7e8]" started-at="2023-04-05T12:45:15Z" name="setUpMethod" finished-at="2023-04-05T12:45:15Z" duration-ms="0" status="PASS">
          <reporter-output>
          </reporter-output>
        </test-method> <!-- setUpMethod -->
        <test-method is-config="true" signature="tearDownMethod()[pri:0, instance:com.mycompany.matricad.MatricadNGTest@23d2a7e8]" started-at="2023-04-05T12:45:15Z" name="tearDownMethod" finished-at="2023-04-05T12:45:15Z" duration-ms="0" status="PASS">
          <reporter-output>
          </reporter-output>
        </test-method> <!-- tearDownMethod -->
        <test-method is-config="true" signature="tearDownClass()[pri:0, instance:com.mycompany.matricad.MatricadNGTest@23d2a7e8]" started-at="2023-04-05T12:45:15Z" name="tearDownClass" finished-at="2023-04-05T12:45:15Z" duration-ms="0" status="PASS">
          <reporter-output>
          </reporter-output>
        </test-method> <!-- tearDownClass -->
      </class> <!-- com.mycompany.matricad.MatricadNGTest -->
    </test> <!-- Command line test -->
  </suite> <!-- com.mycompany.matricad.MatricadNGTest -->
</testng-results>
