<?xml version="1.0" encoding="UTF-8"?>
<!-- Generated by org.testng.reporters.JUnitXMLReporter -->
<testsuite hostname="DESKTOP-B8E4IF5" failures="0" tests="6" name="Command line test" time="0.014" errors="0" timestamp="5 Apr 2023 10:30:10 GMT">
  <testcase classname="com.mycompany.vocals.VocalsNGTest" name="testEsVocal" time="0.002"/>
  <testcase classname="com.mycompany.vocals.VocalsNGTest" name="testEsVocal2" time="0.0"/>
  <testcase classname="com.mycompany.vocals.VocalsNGTest" name="testEsVocal3" time="0.0"/>
  <testcase classname="com.mycompany.vocals.VocalsNGTest" name="testEsVocal4" time="0.0"/>
  <testcase classname="com.mycompany.vocals.VocalsNGTest" name="testEsVocal5" time="0.0"/>
  <testcase classname="com.mycompany.vocals.VocalsNGTest" name="testEsVocal6" time="0.0"/>
</testsuite> <!-- Command line test -->
